Determining if the pthread_create exist failed with the following output:
Change Dir: /home/panzhenfu/Documents/mygit/caffe_Unsupervised_Depth_Estimation/cmake-build-debug/CMakeFiles/CMakeTmp

Run Build Command:"/usr/bin/make" "cmTC_d69ed/fast"
/usr/bin/make -f CMakeFiles/cmTC_d69ed.dir/build.make CMakeFiles/cmTC_d69ed.dir/build
make[1]: Entering directory `/home/panzhenfu/Documents/mygit/caffe_Unsupervised_Depth_Estimation/cmake-build-debug/CMakeFiles/CMakeTmp'
Building C object CMakeFiles/cmTC_d69ed.dir/CheckSymbolExists.c.o
/usr/bin/cc     -o CMakeFiles/cmTC_d69ed.dir/CheckSymbolExists.c.o   -c /home/panzhenfu/Documents/mygit/caffe_Unsupervised_Depth_Estimation/cmake-build-debug/CMakeFiles/CMakeTmp/CheckSymbolExists.c
Linking C executable cmTC_d69ed
/home/panzhenfu/clion-2017.1.1/bin/cmake/bin/cmake -E cmake_link_script CMakeFiles/cmTC_d69ed.dir/link.txt --verbose=1
/usr/bin/cc       CMakeFiles/cmTC_d69ed.dir/CheckSymbolExists.c.o  -o cmTC_d69ed -rdynamic 
CMakeFiles/cmTC_d69ed.dir/CheckSymbolExists.c.o: In function `main':
CheckSymbolExists.c:(.text+0x16): undefined reference to `pthread_create'
collect2: error: ld returned 1 exit status
make[1]: *** [cmTC_d69ed] Error 1
make[1]: Leaving directory `/home/panzhenfu/Documents/mygit/caffe_Unsupervised_Depth_Estimation/cmake-build-debug/CMakeFiles/CMakeTmp'
make: *** [cmTC_d69ed/fast] Error 2

File /home/panzhenfu/Documents/mygit/caffe_Unsupervised_Depth_Estimation/cmake-build-debug/CMakeFiles/CMakeTmp/CheckSymbolExists.c:
/* */
#include <pthread.h>

int main(int argc, char** argv)
{
  (void)argv;
#ifndef pthread_create
  return ((int*)(&pthread_create))[argc];
#else
  (void)argc;
  return 0;
#endif
}

Determining if the function pthread_create exists in the pthreads failed with the following output:
Change Dir: /home/panzhenfu/Documents/mygit/caffe_Unsupervised_Depth_Estimation/cmake-build-debug/CMakeFiles/CMakeTmp

Run Build Command:"/usr/bin/make" "cmTC_0684d/fast"
/usr/bin/make -f CMakeFiles/cmTC_0684d.dir/build.make CMakeFiles/cmTC_0684d.dir/build
make[1]: Entering directory `/home/panzhenfu/Documents/mygit/caffe_Unsupervised_Depth_Estimation/cmake-build-debug/CMakeFiles/CMakeTmp'
Building C object CMakeFiles/cmTC_0684d.dir/CheckFunctionExists.c.o
/usr/bin/cc    -DCHECK_FUNCTION_EXISTS=pthread_create   -o CMakeFiles/cmTC_0684d.dir/CheckFunctionExists.c.o   -c /home/panzhenfu/clion-2017.1.1/bin/cmake/share/cmake-3.7/Modules/CheckFunctionExists.c
Linking C executable cmTC_0684d
/home/panzhenfu/clion-2017.1.1/bin/cmake/bin/cmake -E cmake_link_script CMakeFiles/cmTC_0684d.dir/link.txt --verbose=1
/usr/bin/cc   -DCHECK_FUNCTION_EXISTS=pthread_create    CMakeFiles/cmTC_0684d.dir/CheckFunctionExists.c.o  -o cmTC_0684d -rdynamic -lpthreads 
/usr/bin/ld: cannot find -lpthreads
collect2: error: ld returned 1 exit status
make[1]: *** [cmTC_0684d] Error 1
make[1]: Leaving directory `/home/panzhenfu/Documents/mygit/caffe_Unsupervised_Depth_Estimation/cmake-build-debug/CMakeFiles/CMakeTmp'
make: *** [cmTC_0684d/fast] Error 2


